State 0 contains 8 shift/reduce conflicts.

Grammar
rule 1    lines ->		/* empty */
rule 2    lines -> lines NEWLINE
rule 3    lines -> command terminator
rule 4    lines -> command NEWLINE
rule 5    lines -> lines command NEWLINE
rule 6    command -> pipeline
rule 7    command -> simple_command
rule 8    @1 ->		/* empty */
rule 9    pipeline -> simple_command VERTICALBAR @1 simple_command
rule 10   @2 ->		/* empty */
rule 11   pipeline -> pipeline VERTICALBAR @2 simple_command
rule 12   simple_command -> WORD
rule 13   simple_command -> input_output
rule 14   simple_command -> simple_command WORD
rule 15   simple_command -> simple_command input_output
rule 16   input_output -> filedes APPEND filename
rule 17   input_output -> APPEND filename
rule 18   input_output -> filedes IN filename
rule 19   input_output -> IN filename
rule 20   input_output -> filedes OUT filename
rule 21   input_output -> OUT filename
rule 22   input_output -> filedes HERE WORD
rule 23   input_output -> HERE WORD
rule 24   input_output -> filedes DUPOUT filespec
rule 25   input_output -> DUPOUT filespec
rule 26   input_output -> filedes DUPIN filespec
rule 27   input_output -> DUPIN filespec
rule 28   filedes -> NUMBER
rule 29   filespec -> filedes
rule 30   filespec -> '-'
rule 31   filename -> WORD
rule 32   terminator -> AMPERSAND
rule 33   terminator -> SEMI_COLON

Terminals, with rules where they appear

$ (-1)
'-' (45) 30
error (256)
NEWLINE (258) 2 4 5
IN (259) 18 19
OUT (260) 20 21
APPEND (261) 16 17
HERE (262) 22 23
AMPERSAND (263) 32
DUPIN (264) 26 27
DUPOUT (265) 24 25
SEMI_COLON (266) 33
VERTICALBAR (267) 9 11
WORD (268) 12 14 22 23 31
NUMBER (269) 28

Nonterminals, with rules where they appear

lines (16)
    on left: 1 2 3 4 5, on right: 2 5
command (17)
    on left: 6 7, on right: 3 4 5
pipeline (18)
    on left: 9 11, on right: 6 11
@1 (19)
    on left: 8, on right: 9
@2 (20)
    on left: 10, on right: 11
simple_command (21)
    on left: 12 13 14 15, on right: 7 9 11 14 15
input_output (22)
    on left: 16 17 18 19 20 21 22 23 24 25 26 27, on right: 13 15
filedes (23)
    on left: 28, on right: 16 18 20 22 24 26 29
filespec (24)
    on left: 29 30, on right: 24 25 26 27
filename (25)
    on left: 31, on right: 16 17 18 19 20 21
terminator (26)
    on left: 32 33, on right: 3


state 0

    IN  	shift, and go to state 1
    OUT 	shift, and go to state 2
    APPEND	shift, and go to state 3
    HERE	shift, and go to state 4
    DUPIN	shift, and go to state 5
    DUPOUT	shift, and go to state 6
    WORD	shift, and go to state 7
    NUMBER	shift, and go to state 8

    IN  	[reduce using rule 1 (lines)]
    OUT 	[reduce using rule 1 (lines)]
    APPEND	[reduce using rule 1 (lines)]
    HERE	[reduce using rule 1 (lines)]
    DUPIN	[reduce using rule 1 (lines)]
    DUPOUT	[reduce using rule 1 (lines)]
    WORD	[reduce using rule 1 (lines)]
    NUMBER	[reduce using rule 1 (lines)]
    $default	reduce using rule 1 (lines)

    lines	go to state 9
    command	go to state 10
    pipeline	go to state 11
    simple_command	go to state 12
    input_output	go to state 13
    filedes	go to state 14



state 1

    input_output  ->  IN . filename   (rule 19)

    WORD	shift, and go to state 15

    filename	go to state 16



state 2

    input_output  ->  OUT . filename   (rule 21)

    WORD	shift, and go to state 15

    filename	go to state 17



state 3

    input_output  ->  APPEND . filename   (rule 17)

    WORD	shift, and go to state 15

    filename	go to state 18



state 4

    input_output  ->  HERE . WORD   (rule 23)

    WORD	shift, and go to state 19



state 5

    input_output  ->  DUPIN . filespec   (rule 27)

    NUMBER	shift, and go to state 8
    '-' 	shift, and go to state 20

    filedes	go to state 21
    filespec	go to state 22



state 6

    input_output  ->  DUPOUT . filespec   (rule 25)

    NUMBER	shift, and go to state 8
    '-' 	shift, and go to state 20

    filedes	go to state 21
    filespec	go to state 23



state 7

    simple_command  ->  WORD .   (rule 12)

    $default	reduce using rule 12 (simple_command)



state 8

    filedes  ->  NUMBER .   (rule 28)

    $default	reduce using rule 28 (filedes)



state 9

    lines  ->  lines . NEWLINE   (rule 2)
    lines  ->  lines . command NEWLINE   (rule 5)

    $   	go to state 51
    NEWLINE	shift, and go to state 24
    IN  	shift, and go to state 1
    OUT 	shift, and go to state 2
    APPEND	shift, and go to state 3
    HERE	shift, and go to state 4
    DUPIN	shift, and go to state 5
    DUPOUT	shift, and go to state 6
    WORD	shift, and go to state 7
    NUMBER	shift, and go to state 8

    command	go to state 25
    pipeline	go to state 11
    simple_command	go to state 12
    input_output	go to state 13
    filedes	go to state 14



state 10

    lines  ->  command . terminator   (rule 3)
    lines  ->  command . NEWLINE   (rule 4)

    NEWLINE	shift, and go to state 26
    AMPERSAND	shift, and go to state 27
    SEMI_COLON	shift, and go to state 28

    terminator	go to state 29



state 11

    command  ->  pipeline .   (rule 6)
    pipeline  ->  pipeline . VERTICALBAR @2 simple_command   (rule 11)

    VERTICALBAR	shift, and go to state 30

    $default	reduce using rule 6 (command)



state 12

    command  ->  simple_command .   (rule 7)
    pipeline  ->  simple_command . VERTICALBAR @1 simple_command   (rule 9)
    simple_command  ->  simple_command . WORD   (rule 14)
    simple_command  ->  simple_command . input_output   (rule 15)

    IN  	shift, and go to state 1
    OUT 	shift, and go to state 2
    APPEND	shift, and go to state 3
    HERE	shift, and go to state 4
    DUPIN	shift, and go to state 5
    DUPOUT	shift, and go to state 6
    VERTICALBAR	shift, and go to state 31
    WORD	shift, and go to state 32
    NUMBER	shift, and go to state 8

    $default	reduce using rule 7 (command)

    input_output	go to state 33
    filedes	go to state 14



state 13

    simple_command  ->  input_output .   (rule 13)

    $default	reduce using rule 13 (simple_command)



state 14

    input_output  ->  filedes . APPEND filename   (rule 16)
    input_output  ->  filedes . IN filename   (rule 18)
    input_output  ->  filedes . OUT filename   (rule 20)
    input_output  ->  filedes . HERE WORD   (rule 22)
    input_output  ->  filedes . DUPOUT filespec   (rule 24)
    input_output  ->  filedes . DUPIN filespec   (rule 26)

    IN  	shift, and go to state 34
    OUT 	shift, and go to state 35
    APPEND	shift, and go to state 36
    HERE	shift, and go to state 37
    DUPIN	shift, and go to state 38
    DUPOUT	shift, and go to state 39



state 15

    filename  ->  WORD .   (rule 31)

    $default	reduce using rule 31 (filename)



state 16

    input_output  ->  IN filename .   (rule 19)

    $default	reduce using rule 19 (input_output)



state 17

    input_output  ->  OUT filename .   (rule 21)

    $default	reduce using rule 21 (input_output)



state 18

    input_output  ->  APPEND filename .   (rule 17)

    $default	reduce using rule 17 (input_output)



state 19

    input_output  ->  HERE WORD .   (rule 23)

    $default	reduce using rule 23 (input_output)



state 20

    filespec  ->  '-' .   (rule 30)

    $default	reduce using rule 30 (filespec)



state 21

    filespec  ->  filedes .   (rule 29)

    $default	reduce using rule 29 (filespec)



state 22

    input_output  ->  DUPIN filespec .   (rule 27)

    $default	reduce using rule 27 (input_output)



state 23

    input_output  ->  DUPOUT filespec .   (rule 25)

    $default	reduce using rule 25 (input_output)



state 24

    lines  ->  lines NEWLINE .   (rule 2)

    $default	reduce using rule 2 (lines)



state 25

    lines  ->  lines command . NEWLINE   (rule 5)

    NEWLINE	shift, and go to state 40



state 26

    lines  ->  command NEWLINE .   (rule 4)

    $default	reduce using rule 4 (lines)



state 27

    terminator  ->  AMPERSAND .   (rule 32)

    $default	reduce using rule 32 (terminator)



state 28

    terminator  ->  SEMI_COLON .   (rule 33)

    $default	reduce using rule 33 (terminator)



state 29

    lines  ->  command terminator .   (rule 3)

    $default	reduce using rule 3 (lines)



state 30

    pipeline  ->  pipeline VERTICALBAR . @2 simple_command   (rule 11)

    $default	reduce using rule 10 (@2)

    @2  	go to state 41



state 31

    pipeline  ->  simple_command VERTICALBAR . @1 simple_command   (rule 9)

    $default	reduce using rule 8 (@1)

    @1  	go to state 42



state 32

    simple_command  ->  simple_command WORD .   (rule 14)

    $default	reduce using rule 14 (simple_command)



state 33

    simple_command  ->  simple_command input_output .   (rule 15)

    $default	reduce using rule 15 (simple_command)



state 34

    input_output  ->  filedes IN . filename   (rule 18)

    WORD	shift, and go to state 15

    filename	go to state 43



state 35

    input_output  ->  filedes OUT . filename   (rule 20)

    WORD	shift, and go to state 15

    filename	go to state 44



state 36

    input_output  ->  filedes APPEND . filename   (rule 16)

    WORD	shift, and go to state 15

    filename	go to state 45



state 37

    input_output  ->  filedes HERE . WORD   (rule 22)

    WORD	shift, and go to state 46



state 38

    input_output  ->  filedes DUPIN . filespec   (rule 26)

    NUMBER	shift, and go to state 8
    '-' 	shift, and go to state 20

    filedes	go to state 21
    filespec	go to state 47



state 39

    input_output  ->  filedes DUPOUT . filespec   (rule 24)

    NUMBER	shift, and go to state 8
    '-' 	shift, and go to state 20

    filedes	go to state 21
    filespec	go to state 48



state 40

    lines  ->  lines command NEWLINE .   (rule 5)

    $default	reduce using rule 5 (lines)



state 41

    pipeline  ->  pipeline VERTICALBAR @2 . simple_command   (rule 11)

    IN  	shift, and go to state 1
    OUT 	shift, and go to state 2
    APPEND	shift, and go to state 3
    HERE	shift, and go to state 4
    DUPIN	shift, and go to state 5
    DUPOUT	shift, and go to state 6
    WORD	shift, and go to state 7
    NUMBER	shift, and go to state 8

    simple_command	go to state 49
    input_output	go to state 13
    filedes	go to state 14



state 42

    pipeline  ->  simple_command VERTICALBAR @1 . simple_command   (rule 9)

    IN  	shift, and go to state 1
    OUT 	shift, and go to state 2
    APPEND	shift, and go to state 3
    HERE	shift, and go to state 4
    DUPIN	shift, and go to state 5
    DUPOUT	shift, and go to state 6
    WORD	shift, and go to state 7
    NUMBER	shift, and go to state 8

    simple_command	go to state 50
    input_output	go to state 13
    filedes	go to state 14



state 43

    input_output  ->  filedes IN filename .   (rule 18)

    $default	reduce using rule 18 (input_output)



state 44

    input_output  ->  filedes OUT filename .   (rule 20)

    $default	reduce using rule 20 (input_output)



state 45

    input_output  ->  filedes APPEND filename .   (rule 16)

    $default	reduce using rule 16 (input_output)



state 46

    input_output  ->  filedes HERE WORD .   (rule 22)

    $default	reduce using rule 22 (input_output)



state 47

    input_output  ->  filedes DUPIN filespec .   (rule 26)

    $default	reduce using rule 26 (input_output)



state 48

    input_output  ->  filedes DUPOUT filespec .   (rule 24)

    $default	reduce using rule 24 (input_output)



state 49

    pipeline  ->  pipeline VERTICALBAR @2 simple_command .   (rule 11)
    simple_command  ->  simple_command . WORD   (rule 14)
    simple_command  ->  simple_command . input_output   (rule 15)

    IN  	shift, and go to state 1
    OUT 	shift, and go to state 2
    APPEND	shift, and go to state 3
    HERE	shift, and go to state 4
    DUPIN	shift, and go to state 5
    DUPOUT	shift, and go to state 6
    WORD	shift, and go to state 32
    NUMBER	shift, and go to state 8

    $default	reduce using rule 11 (pipeline)

    input_output	go to state 33
    filedes	go to state 14



state 50

    pipeline  ->  simple_command VERTICALBAR @1 simple_command .   (rule 9)
    simple_command  ->  simple_command . WORD   (rule 14)
    simple_command  ->  simple_command . input_output   (rule 15)

    IN  	shift, and go to state 1
    OUT 	shift, and go to state 2
    APPEND	shift, and go to state 3
    HERE	shift, and go to state 4
    DUPIN	shift, and go to state 5
    DUPOUT	shift, and go to state 6
    WORD	shift, and go to state 32
    NUMBER	shift, and go to state 8

    $default	reduce using rule 9 (pipeline)

    input_output	go to state 33
    filedes	go to state 14



state 51

    $   	go to state 52



state 52

    $default	accept
